#
# A fatal error has been detected by the Java Runtime Environment:
#
#  EXCEPTION_ACCESS_VIOLATION (0xc0000005) at pc=0x00007ffe644eba28, pid=25192, tid=16088
#
# JRE version: OpenJDK Runtime Environment Corretto-21.0.7.6.1 (21.0.7+6) (build 21.0.7+6-LTS)
# Java VM: OpenJDK 64-Bit Server VM Corretto-21.0.7.6.1 (21.0.7+6-LTS, mixed mode, sharing, tiered, compressed oops, compressed class ptrs, g1 gc, windows-amd64)
# Problematic frame:
# C  [ntdll.dll+0xba28]
#
# No core dump will be written. Minidumps are not enabled by default on client versions of Windows
#
# If you would like to submit a bug report, please visit:
#   https://github.com/corretto/corretto-21/issues/
#

---------------  S U M M A R Y ------------

Command Line: lombok-1.18.38.jar

Host: 12th Gen Intel(R) Core(TM) i5-12500, 12 cores, 15G,  Windows 11 , 64 bit Build 26100 (10.0.26100.3775)
Time: Sat May 10 10:42:10 2025  Windows 11 , 64 bit Build 26100 (10.0.26100.3775) elapsed time: 163.148048 seconds (0d 0h 2m 43s)

---------------  T H R E A D  ---------------

Current thread (0x000001d8e486d630):  VMThread "VM Thread"          [id=16088, stack(0x0000009001100000,0x0000009001200000) (1024K)]

Stack: [0x0000009001100000,0x0000009001200000],  sp=0x00000090011fea70,  free space=1018k
Native frames: (J=compiled Java code, j=interpreted, Vv=VM code, C=native code)
C  [ntdll.dll+0xba28]
C  [ntdll.dll+0x2fa02]
C  [MYBOXOverlayIcon_x64_MT.dll+0x1c3418]


siginfo: EXCEPTION_ACCESS_VIOLATION (0xc0000005), reading address 0x0000000000000000


Registers:
RAX=0x0000000000000000, RBX=0x000001d8c26a0000, RCX=0x0000000008000109, RDX=0x0000000000848200
RSP=0x00000090011fea70, RBP=0x000001d8fb4fafc8, RSI=0x000001d8fbc8c1b0, RDI=0x000001d8c26a5f50
R8 =0x0000000000000089, R9 =0x000000000000001b, R10=0x000001d8c26a5f98, R11=0x0000000000000246
R12=0x0000000000000000, R13=0x0000000000000009, R14=0x000001d8fb54cd20, R15=0x000001d8fbc8c1c0
RIP=0x00007ffe644eba28, EFLAGS=0x0000000000010246

XMM[0]=0x0000000000000000 0x0000000000000000
XMM[1]=0x0000000000000000 0x0000000000000000
XMM[2]=0x0000000000000000 0x0000000000000000
XMM[3]=0x0000000000000000 0x0000000000000000
XMM[4]=0x0000000000000000 0x0000000000000000
XMM[5]=0x0000000000000000 0x0000000000000000
XMM[6]=0x0000000000000000 0x0000000000000000
XMM[7]=0x0000000000000000 0x404e000000000000
XMM[8]=0x0000000000000000 0x0000000000000000
XMM[9]=0x0000000000000000 0x0000000000000000
XMM[10]=0x0000000000000000 0x0000000000000000
XMM[11]=0x0000000000000000 0x0000000000000000
XMM[12]=0x0000000000000000 0x0000000000000000
XMM[13]=0x0000000000000000 0x0000000000000000
XMM[14]=0x0000000000000000 0x0000000000000000
XMM[15]=0x0000000000000000 0x0000000000000000
  MXCSR=0x00001fa0


Register to memory mapping:

RAX=0x0 is null
RBX=0x000001d8c26a0000 points into unknown readable memory: 0x0000000000000000 | 00 00 00 00 00 00 00 00
RCX=0x0000000008000109 is an unknown value
RDX=0x0000000000848200 is an unknown value
RSP=0x00000090011fea70 points into unknown readable memory: 0x000001d8c26a0000 | 00 00 6a c2 d8 01 00 00
RBP=0x000001d8fb4fafc8 points into unknown readable memory: 0x0000000000000000 | 00 00 00 00 00 00 00 00
RSI=0x000001d8fbc8c1b0 points into unknown readable memory: 0x0000000000000000 | 00 00 00 00 00 00 00 00
RDI=0x000001d8c26a5f50 points into unknown readable memory: 0x0000000000000000 | 00 00 00 00 00 00 00 00
R8 =0x0000000000000089 is an unknown value
R9 =0x000000000000001b is an unknown value
R10=0x000001d8c26a5f98 points into unknown readable memory: 0x0808084200848343 | 43 83 84 00 42 08 08 08
R11=0x0000000000000246 is an unknown value
R12=0x0 is null
R13=0x0000000000000009 is an unknown value
R14=0x000001d8fb54cd20 points into unknown readable memory: 0x000001d8c00000b0 | b0 00 00 c0 d8 01 00 00
R15=0x000001d8fbc8c1c0 points into unknown readable memory: 0x00000000c0000120 | 20 01 00 c0 00 00 00 00

Top of Stack: (sp=0x00000090011fea70)
0x00000090011fea70:   000001d8c26a0000 000001d8fb7b0970
0x00000090011fea80:   00000000c26a0000 000001d8c26a0000
0x00000090011fea90:   00007ffe61b22e68 0000000000000000
0x00000090011feaa0:   0000000000000000 00007ffe64692950
0x00000090011feab0:   00000000011feb01 0000000000000109
0x00000090011feac0:   00007ffe64650101 000001d800000300
0x00000090011fead0:   0000000000000109 00000089011f0109
0x00000090011feae0:   00007ffe00000001 00007ffe00000000
0x00000090011feaf0:   0000000000000000 0000000000000109
0x00000090011feb00:   0000000000000000 000001d8c26a5230
0x00000090011feb10:   000001d8c26a5f98 0000000000000224
0x00000090011feb20:   000001d8e4a3ad30 0000000000000000
0x00000090011feb30:   0000000000000000 000001d8c26a6440
0x00000090011feb40:   000000000000011b 00007ffe61ce40f0
0x00000090011feb50:   00000090011fec60 00007ffe644f898c
0x00000090011feb60:   0000000000000000 ffff0a4400000000
0x00000090011feb70:   0000000000000107 0000000000000000
0x00000090011feb80:   0000000000000000 000001d8fbc8c1b0
0x00000090011feb90:   0000000000000224 0000000000000000
0x00000090011feba0:   0000000000000109 0000000000000000
0x00000090011febb0:   0000000049090040 0000000000000109
0x00000090011febc0:   0000000000000000 00007ffe3b08f6c5
0x00000090011febd0:   0000000000000000 0000000002000002
0x00000090011febe0:   0000000000000000 0000000000000000
0x00000090011febf0:   0000000000000000 0000000008000109
0x00000090011fec00:   0000000000000000 0000000000000000
0x00000090011fec10:   0000000000000000 0000000000000000
0x00000090011fec20:   000001d8fb4d1c80 000001d8c26a0000
0x00000090011fec30:   000000007ffe0385 0000000000000000
0x00000090011fec40:   000001d8fbc8c1c0 00007ffe6450fa02
0x00000090011fec50:   000001d8c26a0000 000001d8fb4d1fb0
0x00000090011fec60:   000001d8fbc8c1b0 000001d8fbc8c1b0 

Instructions: (pc=0x00007ffe644eba28)
0x00007ffe644eb928:   44 89 64 24 6c 4c 89 a4 24 a0 00 00 00 45 8b c5
0x00007ffe644eb938:   41 c1 e8 05 44 89 44 24 6c 44 8b 4f 08 44 2b 4f
0x00007ffe644eb948:   18 41 c1 e9 05 41 ff c9 48 8b 47 28 4e 8d 14 80
0x00007ffe644eb958:   4c 89 94 24 a0 00 00 00 41 83 e5 1f ba ff ff ff
0x00007ffe644eb968:   ff 41 0f b6 cd d3 e2 41 23 12 85 d2 0f 84 e8 03
0x00007ffe644eb978:   00 00 8b ca 66 85 d2 0f 85 ef 01 00 00 f7 c2 00
0x00007ffe644eb988:   00 ff 00 0f 85 78 05 00 00 48 c1 e9 18 48 8d 05
0x00007ffe644eb998:   a4 dc 16 00 0f b6 0c 01 83 c1 18 41 c1 e0 05 44
0x00007ffe644eb9a8:   03 c1 44 89 44 24 6c 44 39 67 0c 0f 85 b3 01 00
0x00007ffe644eb9b8:   00 48 8b 47 30 4e 8b 34 c0 48 8b b4 24 f0 01 00
0x00007ffe644eb9c8:   00 4d 85 f6 0f 84 b7 00 00 00 48 8d 83 50 01 00
0x00007ffe644eb9d8:   00 49 3b c6 74 42 83 7b 7c 00 0f 84 68 03 00 00
0x00007ffe644eb9e8:   41 8b 46 f8 89 84 24 88 01 00 00 85 43 7c 74 0d
0x00007ffe644eb9f8:   33 83 88 00 00 00 89 84 24 88 01 00 00 8b c8 66
0x00007ffe644eba08:   89 44 24 68 48 8b b4 24 f0 01 00 00 0f b7 c1 4c
0x00007ffe644eba18:   3b f8 0f 87 03 05 00 00 4c 8d 7e 10 49 8b 46 08
0x00007ffe644eba28:   48 8b 08 49 3b ce 0f 85 61 06 00 00 4d 89 37 49
0x00007ffe644eba38:   89 47 08 4c 89 38 4d 89 7e 08 0f b7 46 08 48 03
0x00007ffe644eba48:   83 c0 00 00 00 48 89 83 c0 00 00 00 48 8b bb 38
0x00007ffe644eba58:   01 00 00 48 85 ff 0f 84 ba 00 00 00 4c 89 a4 24
0x00007ffe644eba68:   a8 00 00 00 0f b7 4e 08 8b 57 08 48 3b ca 72 29
0x00007ffe644eba78:   48 8b 07 48 85 c0 0f 84 0b 01 00 00 48 8b f8 eb
0x00007ffe644eba88:   e7 48 8b 3f 8b 4f 18 48 89 4c 24 60 48 89 8c 24
0x00007ffe644eba98:   88 00 00 00 e9 71 fd ff ff 48 89 8c 24 a8 00 00
0x00007ffe644ebaa8:   00 ff ca 44 0f b7 46 08 4c 89 84 24 20 01 00 00
0x00007ffe644ebab8:   44 8b f1 44 2b 77 18 47 8d 24 36 83 7f 0c 00 45
0x00007ffe644ebac8:   0f 44 e6 8b 47 10 ff c0 89 47 10 48 8b 47 30 4e
0x00007ffe644ebad8:   8b 2c e0 3b ca 75 08 8b 47 14 ff c0 89 47 14 4d
0x00007ffe644ebae8:   85 ed 0f 85 35 01 00 00 48 8b 47 30 4e 89 3c e0
0x00007ffe644ebaf8:   4d 85 ed 75 21 41 8b c6 c1 e8 05 41 83 e6 1f ba
0x00007ffe644ebb08:   01 00 00 00 41 0f b6 ce d3 e2 8b c8 48 8b 47 28
0x00007ffe644ebb18:   0b 14 88 89 14 88 48 8d 7b 7c 83 3f 00 74 16 0f 


Stack slot to memory mapping:

stack at sp + 0 slots: 0x000001d8c26a0000 points into unknown readable memory: 0x0000000000000000 | 00 00 00 00 00 00 00 00
stack at sp + 1 slots: 0x000001d8fb7b0970 points into unknown readable memory: 0x000001d8fe206a70 | 70 6a 20 fe d8 01 00 00
stack at sp + 2 slots: 0x00000000c26a0000 is an unknown value
stack at sp + 3 slots: 0x000001d8c26a0000 points into unknown readable memory: 0x0000000000000000 | 00 00 00 00 00 00 00 00
stack at sp + 4 slots: 0x00007ffe61b22e68 KERNELBASE.dll
stack at sp + 5 slots: 0x0 is null
stack at sp + 6 slots: 0x0 is null
stack at sp + 7 slots: 0x00007ffe64692950 ntdll.dll

VM_Operation (0x00000090020fe8b0): Exit, mode: safepoint, requested by thread 0x000001d8e917e620


---------------  P R O C E S S  ---------------

Threads class SMR info:
_java_thread_list=0x000001d8e95dd300, length=14, elements={
0x000001d8c26e1320, 0x000001d8e4888af0, 0x000001d8e4889740, 0x000001d8e4891440,
0x000001d8e4891e90, 0x000001d8e48928e0, 0x000001d8e4893980, 0x000001d8e48b9850,
0x000001d8e4a186b0, 0x000001d8e4a18d10, 0x000001d8e915d750, 0x000001d8e915ddb0,
0x000001d8e917e620, 0x000001d8fb2f5b70
}

Java Threads: ( => current thread )
  0x000001d8c26e1320 JavaThread "main"                              [_thread_blocked, id=20648, stack(0x0000009000a00000,0x0000009000b00000) (1024K)]
  0x000001d8e4888af0 JavaThread "Reference Handler"          daemon [_thread_blocked, id=11544, stack(0x0000009001200000,0x0000009001300000) (1024K)]
  0x000001d8e4889740 JavaThread "Finalizer"                  daemon [_thread_blocked, id=24732, stack(0x0000009001300000,0x0000009001400000) (1024K)]
  0x000001d8e4891440 JavaThread "Attach Listener"            daemon [_thread_blocked, id=11572, stack(0x0000009001500000,0x0000009001600000) (1024K)]
  0x000001d8e4891e90 JavaThread "Service Thread"             daemon [_thread_blocked, id=20980, stack(0x0000009001600000,0x0000009001700000) (1024K)]
  0x000001d8e48928e0 JavaThread "Monitor Deflation Thread"   daemon [_thread_blocked, id=15064, stack(0x0000009001700000,0x0000009001800000) (1024K)]
  0x000001d8e4893980 JavaThread "C2 CompilerThread0"         daemon [_thread_blocked, id=25088, stack(0x0000009001800000,0x0000009001900000) (1024K)]
  0x000001d8e48b9850 JavaThread "C1 CompilerThread0"         daemon [_thread_blocked, id=17828, stack(0x0000009001900000,0x0000009001a00000) (1024K)]
  0x000001d8e4a186b0 JavaThread "Notification Thread"        daemon [_thread_blocked, id=20220, stack(0x0000009001a00000,0x0000009001b00000) (1024K)]
  0x000001d8e4a18d10 JavaThread "Common-Cleaner"             daemon [_thread_blocked, id=7988, stack(0x0000009001b00000,0x0000009001c00000) (1024K)]
  0x000001d8e915d750 JavaThread "Java2D Disposer"            daemon [_thread_blocked, id=10736, stack(0x0000009001d00000,0x0000009001e00000) (1024K)]
  0x000001d8e915ddb0 JavaThread "AWT-Shutdown"                      [_thread_blocked, id=7316, stack(0x0000009001e00000,0x0000009001f00000) (1024K)]
  0x000001d8e917e620 JavaThread "AWT-EventQueue-0"                  [_thread_blocked, id=24800, stack(0x0000009002000000,0x0000009002100000) (1024K)]
  0x000001d8fb2f5b70 JavaThread "TimerQueue"                 daemon [_thread_blocked, id=20992, stack(0x0000009004200000,0x0000009004300000) (1024K)]
Total: 14

Other Threads:
=>0x000001d8e486d630 VMThread "VM Thread"                           [id=16088, stack(0x0000009001100000,0x0000009001200000) (1024K)]
  0x000001d8c47f4c40 WorkerThread "GC Thread#0"                     [id=11980, stack(0x0000009000b00000,0x0000009000c00000) (1024K)]
  0x000001d8fb35ca90 WorkerThread "GC Thread#1"                     [id=6068, stack(0x0000009003700000,0x0000009003800000) (1024K)]
  0x000001d8fb35ce30 WorkerThread "GC Thread#2"                     [id=19892, stack(0x0000009003800000,0x0000009003900000) (1024K)]
  0x000001d8e907f6b0 WorkerThread "GC Thread#3"                     [id=9268, stack(0x0000009003900000,0x0000009003a00000) (1024K)]
  0x000001d8e907fa50 WorkerThread "GC Thread#4"                     [id=19836, stack(0x0000009003a00000,0x0000009003b00000) (1024K)]
  0x000001d8fb3479f0 WorkerThread "GC Thread#5"                     [id=12032, stack(0x0000009003b00000,0x0000009003c00000) (1024K)]
  0x000001d8fb4ad4a0 WorkerThread "GC Thread#6"                     [id=23456, stack(0x0000009003c00000,0x0000009003d00000) (1024K)]
  0x000001d8fb4b8920 WorkerThread "GC Thread#7"                     [id=24308, stack(0x0000009003d00000,0x0000009003e00000) (1024K)]
  0x000001d8fe71dbe0 WorkerThread "GC Thread#8"                     [id=3052, stack(0x0000009004700000,0x0000009004800000) (1024K)]
  0x000001d8fe17cb50 WorkerThread "GC Thread#9"                     [id=6792, stack(0x0000009004800000,0x0000009004900000) (1024K)]
  0x000001d8c48067c0 ConcurrentGCThread "G1 Main Marker"            terminated
  0x000001d8c4807ad0 WorkerThread "G1 Conc#0"                       [id=16076, stack(0x0000009000d00000,0x0000009000e00000) (1024K)]
  0x000001d8e3d9b620 ConcurrentGCThread "G1 Refine#0"               terminated
  0x000001d8e3d9bf30 ConcurrentGCThread "G1 Service"                terminated
Total: 15

Threads with active compile tasks:
Total: 0

VM state: at safepoint (shutting down)

VM Mutex/Monitor currently owned by a thread:  ([mutex/lock_event])
[0x00007ffe2f4ee2a8] Threads_lock - owner thread: 0x000001d8e486d630
[0x00007ffe2f4ee3a8] Heap_lock - owner thread: 0x000001d8e917e620

Heap address: 0x0000000703800000, size: 4040 MB, Compressed Oops mode: Zero based, Oop shift amount: 3

CDS archive(s) mapped at: [0x000001d880000000-0x000001d880c80000-0x000001d880c80000), size 13107200, SharedBaseAddress: 0x000001d880000000, ArchiveRelocationMode: 1.
Compressed class space mapped at: 0x000001d881000000-0x000001d8c1000000, reserved size: 1073741824
Narrow klass base: 0x000001d880000000, Narrow klass shift: 0, Narrow klass range: 0x100000000

GC Precious Log:
 CardTable entry size: 512
 Card Set container configuration: InlinePtr #cards 4 size 8 Array Of Cards #cards 16 size 48 Howl #buckets 8 coarsen threshold 3686 Howl Bitmap #cards 512 size 80 coarsen threshold 460 Card regions per heap region 1 cards per card region 4096
 CPUs: 12 total, 12 available
 Memory: 16158M
 Large Page Support: Disabled
 NUMA Support: Disabled
 Compressed Oops: Enabled (Zero based)
 Heap Region Size: 2M
 Heap Min Capacity: 8M
 Heap Initial Capacity: 254M
 Heap Max Capacity: 4040M
 Pre-touch: Disabled
 Parallel Workers: 10
 Concurrent Workers: 3
 Concurrent Refinement Workers: 10
 Periodic GC: Disabled

Heap:
 garbage-first heap   total 260096K, used 76915K [0x0000000703800000, 0x0000000800000000)
  region size 2048K, 37 young (75776K), 1 survivors (2048K)
 Metaspace       used 16508K, committed 16832K, reserved 1114112K
  class space    used 1753K, committed 1920K, reserved 1048576K

Heap Regions: E=young(eden), S=young(survivor), O=old, HS=humongous(starts), HC=humongous(continues), CS=collection set, F=free, TAMS=top-at-mark-start, PB=parsable bottom
|   0|0x0000000703800000, 0x0000000703a00000, 0x0000000703a00000|100%| O|  |TAMS 0x0000000703800000| PB 0x0000000703800000| Untracked 
|   1|0x0000000703a00000, 0x0000000703b4ee30, 0x0000000703c00000| 65%| O|  |TAMS 0x0000000703a00000| PB 0x0000000703a00000| Untracked 
|   2|0x0000000703c00000, 0x0000000703c00000, 0x0000000703e00000|  0%| F|  |TAMS 0x0000000703c00000| PB 0x0000000703c00000| Untracked 
|   3|0x0000000703e00000, 0x0000000703e00000, 0x0000000704000000|  0%| F|  |TAMS 0x0000000703e00000| PB 0x0000000703e00000| Untracked 
|   4|0x0000000704000000, 0x0000000704000000, 0x0000000704200000|  0%| F|  |TAMS 0x0000000704000000| PB 0x0000000704000000| Untracked 
|   5|0x0000000704200000, 0x0000000704200000, 0x0000000704400000|  0%| F|  |TAMS 0x0000000704200000| PB 0x0000000704200000| Untracked 
|   6|0x0000000704400000, 0x0000000704400000, 0x0000000704600000|  0%| F|  |TAMS 0x0000000704400000| PB 0x0000000704400000| Untracked 
|   7|0x0000000704600000, 0x0000000704600000, 0x0000000704800000|  0%| F|  |TAMS 0x0000000704600000| PB 0x0000000704600000| Untracked 
|   8|0x0000000704800000, 0x0000000704800000, 0x0000000704a00000|  0%| F|  |TAMS 0x0000000704800000| PB 0x0000000704800000| Untracked 
|   9|0x0000000704a00000, 0x0000000704a00000, 0x0000000704c00000|  0%| F|  |TAMS 0x0000000704a00000| PB 0x0000000704a00000| Untracked 
|  10|0x0000000704c00000, 0x0000000704c00000, 0x0000000704e00000|  0%| F|  |TAMS 0x0000000704c00000| PB 0x0000000704c00000| Untracked 
|  11|0x0000000704e00000, 0x0000000704e00000, 0x0000000705000000|  0%| F|  |TAMS 0x0000000704e00000| PB 0x0000000704e00000| Untracked 
|  12|0x0000000705000000, 0x0000000705000000, 0x0000000705200000|  0%| F|  |TAMS 0x0000000705000000| PB 0x0000000705000000| Untracked 
|  13|0x0000000705200000, 0x0000000705200000, 0x0000000705400000|  0%| F|  |TAMS 0x0000000705200000| PB 0x0000000705200000| Untracked 
|  14|0x0000000705400000, 0x0000000705400000, 0x0000000705600000|  0%| F|  |TAMS 0x0000000705400000| PB 0x0000000705400000| Untracked 
|  15|0x0000000705600000, 0x0000000705600000, 0x0000000705800000|  0%| F|  |TAMS 0x0000000705600000| PB 0x0000000705600000| Untracked 
|  16|0x0000000705800000, 0x0000000705800000, 0x0000000705a00000|  0%| F|  |TAMS 0x0000000705800000| PB 0x0000000705800000| Untracked 
|  17|0x0000000705a00000, 0x0000000705a00000, 0x0000000705c00000|  0%| F|  |TAMS 0x0000000705a00000| PB 0x0000000705a00000| Untracked 
|  18|0x0000000705c00000, 0x0000000705c00000, 0x0000000705e00000|  0%| F|  |TAMS 0x0000000705c00000| PB 0x0000000705c00000| Untracked 
|  19|0x0000000705e00000, 0x0000000705e00000, 0x0000000706000000|  0%| F|  |TAMS 0x0000000705e00000| PB 0x0000000705e00000| Untracked 
|  20|0x0000000706000000, 0x0000000706000000, 0x0000000706200000|  0%| F|  |TAMS 0x0000000706000000| PB 0x0000000706000000| Untracked 
|  21|0x0000000706200000, 0x0000000706200000, 0x0000000706400000|  0%| F|  |TAMS 0x0000000706200000| PB 0x0000000706200000| Untracked 
|  22|0x0000000706400000, 0x0000000706400000, 0x0000000706600000|  0%| F|  |TAMS 0x0000000706400000| PB 0x0000000706400000| Untracked 
|  23|0x0000000706600000, 0x0000000706600000, 0x0000000706800000|  0%| F|  |TAMS 0x0000000706600000| PB 0x0000000706600000| Untracked 
|  24|0x0000000706800000, 0x0000000706800000, 0x0000000706a00000|  0%| F|  |TAMS 0x0000000706800000| PB 0x0000000706800000| Untracked 
|  25|0x0000000706a00000, 0x0000000706a00000, 0x0000000706c00000|  0%| F|  |TAMS 0x0000000706a00000| PB 0x0000000706a00000| Untracked 
|  26|0x0000000706c00000, 0x0000000706c00000, 0x0000000706e00000|  0%| F|  |TAMS 0x0000000706c00000| PB 0x0000000706c00000| Untracked 
|  27|0x0000000706e00000, 0x0000000706e00000, 0x0000000707000000|  0%| F|  |TAMS 0x0000000706e00000| PB 0x0000000706e00000| Untracked 
|  28|0x0000000707000000, 0x0000000707000000, 0x0000000707200000|  0%| F|  |TAMS 0x0000000707000000| PB 0x0000000707000000| Untracked 
|  29|0x0000000707200000, 0x0000000707200000, 0x0000000707400000|  0%| F|  |TAMS 0x0000000707200000| PB 0x0000000707200000| Untracked 
|  30|0x0000000707400000, 0x0000000707400000, 0x0000000707600000|  0%| F|  |TAMS 0x0000000707400000| PB 0x0000000707400000| Untracked 
|  31|0x0000000707600000, 0x0000000707600000, 0x0000000707800000|  0%| F|  |TAMS 0x0000000707600000| PB 0x0000000707600000| Untracked 
|  32|0x0000000707800000, 0x0000000707800000, 0x0000000707a00000|  0%| F|  |TAMS 0x0000000707800000| PB 0x0000000707800000| Untracked 
|  33|0x0000000707a00000, 0x0000000707a00000, 0x0000000707c00000|  0%| F|  |TAMS 0x0000000707a00000| PB 0x0000000707a00000| Untracked 
|  34|0x0000000707c00000, 0x0000000707c00000, 0x0000000707e00000|  0%| F|  |TAMS 0x0000000707c00000| PB 0x0000000707c00000| Untracked 
|  35|0x0000000707e00000, 0x0000000707e00000, 0x0000000708000000|  0%| F|  |TAMS 0x0000000707e00000| PB 0x0000000707e00000| Untracked 
|  36|0x0000000708000000, 0x0000000708000000, 0x0000000708200000|  0%| F|  |TAMS 0x0000000708000000| PB 0x0000000708000000| Untracked 
|  37|0x0000000708200000, 0x0000000708200000, 0x0000000708400000|  0%| F|  |TAMS 0x0000000708200000| PB 0x0000000708200000| Untracked 
|  38|0x0000000708400000, 0x0000000708400000, 0x0000000708600000|  0%| F|  |TAMS 0x0000000708400000| PB 0x0000000708400000| Untracked 
|  39|0x0000000708600000, 0x0000000708600000, 0x0000000708800000|  0%| F|  |TAMS 0x0000000708600000| PB 0x0000000708600000| Untracked 
|  40|0x0000000708800000, 0x0000000708800000, 0x0000000708a00000|  0%| F|  |TAMS 0x0000000708800000| PB 0x0000000708800000| Untracked 
|  41|0x0000000708a00000, 0x0000000708a00000, 0x0000000708c00000|  0%| F|  |TAMS 0x0000000708a00000| PB 0x0000000708a00000| Untracked 
|  42|0x0000000708c00000, 0x0000000708c00000, 0x0000000708e00000|  0%| F|  |TAMS 0x0000000708c00000| PB 0x0000000708c00000| Untracked 
|  43|0x0000000708e00000, 0x0000000708e00000, 0x0000000709000000|  0%| F|  |TAMS 0x0000000708e00000| PB 0x0000000708e00000| Untracked 
|  44|0x0000000709000000, 0x0000000709000000, 0x0000000709200000|  0%| F|  |TAMS 0x0000000709000000| PB 0x0000000709000000| Untracked 
|  45|0x0000000709200000, 0x0000000709200000, 0x0000000709400000|  0%| F|  |TAMS 0x0000000709200000| PB 0x0000000709200000| Untracked 
|  46|0x0000000709400000, 0x0000000709400000, 0x0000000709600000|  0%| F|  |TAMS 0x0000000709400000| PB 0x0000000709400000| Untracked 
|  47|0x0000000709600000, 0x0000000709600000, 0x0000000709800000|  0%| F|  |TAMS 0x0000000709600000| PB 0x0000000709600000| Untracked 
|  48|0x0000000709800000, 0x0000000709800000, 0x0000000709a00000|  0%| F|  |TAMS 0x0000000709800000| PB 0x0000000709800000| Untracked 
|  49|0x0000000709a00000, 0x0000000709a00000, 0x0000000709c00000|  0%| F|  |TAMS 0x0000000709a00000| PB 0x0000000709a00000| Untracked 
|  50|0x0000000709c00000, 0x0000000709c00000, 0x0000000709e00000|  0%| F|  |TAMS 0x0000000709c00000| PB 0x0000000709c00000| Untracked 
|  51|0x0000000709e00000, 0x0000000709e00000, 0x000000070a000000|  0%| F|  |TAMS 0x0000000709e00000| PB 0x0000000709e00000| Untracked 
|  52|0x000000070a000000, 0x000000070a000000, 0x000000070a200000|  0%| F|  |TAMS 0x000000070a000000| PB 0x000000070a000000| Untracked 
|  53|0x000000070a200000, 0x000000070a200000, 0x000000070a400000|  0%| F|  |TAMS 0x000000070a200000| PB 0x000000070a200000| Untracked 
|  54|0x000000070a400000, 0x000000070a400000, 0x000000070a600000|  0%| F|  |TAMS 0x000000070a400000| PB 0x000000070a400000| Untracked 
|  55|0x000000070a600000, 0x000000070a600000, 0x000000070a800000|  0%| F|  |TAMS 0x000000070a600000| PB 0x000000070a600000| Untracked 
|  56|0x000000070a800000, 0x000000070a800000, 0x000000070aa00000|  0%| F|  |TAMS 0x000000070a800000| PB 0x000000070a800000| Untracked 
|  57|0x000000070aa00000, 0x000000070aa00000, 0x000000070ac00000|  0%| F|  |TAMS 0x000000070aa00000| PB 0x000000070aa00000| Untracked 
|  58|0x000000070ac00000, 0x000000070ac00000, 0x000000070ae00000|  0%| F|  |TAMS 0x000000070ac00000| PB 0x000000070ac00000| Untracked 
|  59|0x000000070ae00000, 0x000000070ae00000, 0x000000070b000000|  0%| F|  |TAMS 0x000000070ae00000| PB 0x000000070ae00000| Untracked 
|  60|0x000000070b000000, 0x000000070b000000, 0x000000070b200000|  0%| F|  |TAMS 0x000000070b000000| PB 0x000000070b000000| Untracked 
|  61|0x000000070b200000, 0x000000070b200000, 0x000000070b400000|  0%| F|  |TAMS 0x000000070b200000| PB 0x000000070b200000| Untracked 
|  62|0x000000070b400000, 0x000000070b400000, 0x000000070b600000|  0%| F|  |TAMS 0x000000070b400000| PB 0x000000070b400000| Untracked 
|  63|0x000000070b600000, 0x000000070b600000, 0x000000070b800000|  0%| F|  |TAMS 0x000000070b600000| PB 0x000000070b600000| Untracked 
|  64|0x000000070b800000, 0x000000070b800000, 0x000000070ba00000|  0%| F|  |TAMS 0x000000070b800000| PB 0x000000070b800000| Untracked 
|  65|0x000000070ba00000, 0x000000070ba00000, 0x000000070bc00000|  0%| F|  |TAMS 0x000000070ba00000| PB 0x000000070ba00000| Untracked 
|  66|0x000000070bc00000, 0x000000070bc00000, 0x000000070be00000|  0%| F|  |TAMS 0x000000070bc00000| PB 0x000000070bc00000| Untracked 
|  67|0x000000070be00000, 0x000000070be00000, 0x000000070c000000|  0%| F|  |TAMS 0x000000070be00000| PB 0x000000070be00000| Untracked 
|  68|0x000000070c000000, 0x000000070c000000, 0x000000070c200000|  0%| F|  |TAMS 0x000000070c000000| PB 0x000000070c000000| Untracked 
|  69|0x000000070c200000, 0x000000070c200000, 0x000000070c400000|  0%| F|  |TAMS 0x000000070c200000| PB 0x000000070c200000| Untracked 
|  70|0x000000070c400000, 0x000000070c400000, 0x000000070c600000|  0%| F|  |TAMS 0x000000070c400000| PB 0x000000070c400000| Untracked 
|  71|0x000000070c600000, 0x000000070c600000, 0x000000070c800000|  0%| F|  |TAMS 0x000000070c600000| PB 0x000000070c600000| Untracked 
|  72|0x000000070c800000, 0x000000070c800000, 0x000000070ca00000|  0%| F|  |TAMS 0x000000070c800000| PB 0x000000070c800000| Untracked 
|  73|0x000000070ca00000, 0x000000070ca00000, 0x000000070cc00000|  0%| F|  |TAMS 0x000000070ca00000| PB 0x000000070ca00000| Untracked 
|  74|0x000000070cc00000, 0x000000070cc00000, 0x000000070ce00000|  0%| F|  |TAMS 0x000000070cc00000| PB 0x000000070cc00000| Untracked 
|  75|0x000000070ce00000, 0x000000070ce00000, 0x000000070d000000|  0%| F|  |TAMS 0x000000070ce00000| PB 0x000000070ce00000| Untracked 
|  76|0x000000070d000000, 0x000000070d000000, 0x000000070d200000|  0%| F|  |TAMS 0x000000070d000000| PB 0x000000070d000000| Untracked 
|  77|0x000000070d200000, 0x000000070d200000, 0x000000070d400000|  0%| F|  |TAMS 0x000000070d200000| PB 0x000000070d200000| Untracked 
|  78|0x000000070d400000, 0x000000070d400000, 0x000000070d600000|  0%| F|  |TAMS 0x000000070d400000| PB 0x000000070d400000| Untracked 
|  79|0x000000070d600000, 0x000000070d600000, 0x000000070d800000|  0%| F|  |TAMS 0x000000070d600000| PB 0x000000070d600000| Untracked 
|  80|0x000000070d800000, 0x000000070d800000, 0x000000070da00000|  0%| F|  |TAMS 0x000000070d800000| PB 0x000000070d800000| Untracked 
|  81|0x000000070da00000, 0x000000070da00000, 0x000000070dc00000|  0%| F|  |TAMS 0x000000070da00000| PB 0x000000070da00000| Untracked 
|  82|0x000000070dc00000, 0x000000070dc00000, 0x000000070de00000|  0%| F|  |TAMS 0x000000070dc00000| PB 0x000000070dc00000| Untracked 
|  83|0x000000070de00000, 0x000000070de00000, 0x000000070e000000|  0%| F|  |TAMS 0x000000070de00000| PB 0x000000070de00000| Untracked 
|  84|0x000000070e000000, 0x000000070e000000, 0x000000070e200000|  0%| F|  |TAMS 0x000000070e000000| PB 0x000000070e000000| Untracked 
|  85|0x000000070e200000, 0x000000070e200000, 0x000000070e400000|  0%| F|  |TAMS 0x000000070e200000| PB 0x000000070e200000| Untracked 
|  86|0x000000070e400000, 0x000000070e400000, 0x000000070e600000|  0%| F|  |TAMS 0x000000070e400000| PB 0x000000070e400000| Untracked 
|  87|0x000000070e600000, 0x000000070e600000, 0x000000070e800000|  0%| F|  |TAMS 0x000000070e600000| PB 0x000000070e600000| Untracked 
|  88|0x000000070e800000, 0x000000070e800000, 0x000000070ea00000|  0%| F|  |TAMS 0x000000070e800000| PB 0x000000070e800000| Untracked 
|  89|0x000000070ea00000, 0x000000070ea00000, 0x000000070ec00000|  0%| F|  |TAMS 0x000000070ea00000| PB 0x000000070ea00000| Untracked 
|  90|0x000000070ec00000, 0x000000070ee00000, 0x000000070ee00000|100%| E|  |TAMS 0x000000070ec00000| PB 0x000000070ec00000| Complete 
|  91|0x000000070ee00000, 0x000000070f000000, 0x000000070f000000|100%| E|CS|TAMS 0x000000070ee00000| PB 0x000000070ee00000| Complete 
|  92|0x000000070f000000, 0x000000070f200000, 0x000000070f200000|100%| E|CS|TAMS 0x000000070f000000| PB 0x000000070f000000| Complete 
|  93|0x000000070f200000, 0x000000070f400000, 0x000000070f400000|100%| E|CS|TAMS 0x000000070f200000| PB 0x000000070f200000| Complete 
|  94|0x000000070f400000, 0x000000070f600000, 0x000000070f600000|100%| E|CS|TAMS 0x000000070f400000| PB 0x000000070f400000| Complete 
|  95|0x000000070f600000, 0x000000070f800000, 0x000000070f800000|100%| E|CS|TAMS 0x000000070f600000| PB 0x000000070f600000| Complete 
|  96|0x000000070f800000, 0x000000070fa00000, 0x000000070fa00000|100%| E|CS|TAMS 0x000000070f800000| PB 0x000000070f800000| Complete 
|  97|0x000000070fa00000, 0x000000070fc00000, 0x000000070fc00000|100%| E|CS|TAMS 0x000000070fa00000| PB 0x000000070fa00000| Complete 
|  98|0x000000070fc00000, 0x000000070fe00000, 0x000000070fe00000|100%| E|CS|TAMS 0x000000070fc00000| PB 0x000000070fc00000| Complete 
|  99|0x000000070fe00000, 0x0000000710000000, 0x0000000710000000|100%| E|CS|TAMS 0x000000070fe00000| PB 0x000000070fe00000| Complete 
| 100|0x0000000710000000, 0x0000000710200000, 0x0000000710200000|100%| E|CS|TAMS 0x0000000710000000| PB 0x0000000710000000| Complete 
| 101|0x0000000710200000, 0x0000000710400000, 0x0000000710400000|100%| E|CS|TAMS 0x0000000710200000| PB 0x0000000710200000| Complete 
| 102|0x0000000710400000, 0x0000000710600000, 0x0000000710600000|100%| E|CS|TAMS 0x0000000710400000| PB 0x0000000710400000| Complete 
| 103|0x0000000710600000, 0x0000000710800000, 0x0000000710800000|100%| E|CS|TAMS 0x0000000710600000| PB 0x0000000710600000| Complete 
| 104|0x0000000710800000, 0x0000000710a00000, 0x0000000710a00000|100%| E|CS|TAMS 0x0000000710800000| PB 0x0000000710800000| Complete 
| 105|0x0000000710a00000, 0x0000000710c00000, 0x0000000710c00000|100%| E|CS|TAMS 0x0000000710a00000| PB 0x0000000710a00000| Complete 
| 106|0x0000000710c00000, 0x0000000710e00000, 0x0000000710e00000|100%| E|CS|TAMS 0x0000000710c00000| PB 0x0000000710c00000| Complete 
| 107|0x0000000710e00000, 0x0000000711000000, 0x0000000711000000|100%| E|CS|TAMS 0x0000000710e00000| PB 0x0000000710e00000| Complete 
| 108|0x0000000711000000, 0x0000000711200000, 0x0000000711200000|100%| E|CS|TAMS 0x0000000711000000| PB 0x0000000711000000| Complete 
| 109|0x0000000711200000, 0x00000007113cdf10, 0x0000000711400000| 90%| S|CS|TAMS 0x0000000711200000| PB 0x0000000711200000| Complete 
| 110|0x0000000711400000, 0x0000000711600000, 0x0000000711600000|100%| E|CS|TAMS 0x0000000711400000| PB 0x0000000711400000| Complete 
| 111|0x0000000711600000, 0x0000000711800000, 0x0000000711800000|100%| E|CS|TAMS 0x0000000711600000| PB 0x0000000711600000| Complete 
| 112|0x0000000711800000, 0x0000000711a00000, 0x0000000711a00000|100%| E|CS|TAMS 0x0000000711800000| PB 0x0000000711800000| Complete 
| 113|0x0000000711a00000, 0x0000000711c00000, 0x0000000711c00000|100%| E|CS|TAMS 0x0000000711a00000| PB 0x0000000711a00000| Complete 
| 114|0x0000000711c00000, 0x0000000711e00000, 0x0000000711e00000|100%| E|CS|TAMS 0x0000000711c00000| PB 0x0000000711c00000| Complete 
| 115|0x0000000711e00000, 0x0000000712000000, 0x0000000712000000|100%| E|CS|TAMS 0x0000000711e00000| PB 0x0000000711e00000| Complete 
| 116|0x0000000712000000, 0x0000000712200000, 0x0000000712200000|100%| E|CS|TAMS 0x0000000712000000| PB 0x0000000712000000| Complete 
| 117|0x0000000712200000, 0x0000000712400000, 0x0000000712400000|100%| E|CS|TAMS 0x0000000712200000| PB 0x0000000712200000| Complete 
| 118|0x0000000712400000, 0x0000000712600000, 0x0000000712600000|100%| E|CS|TAMS 0x0000000712400000| PB 0x0000000712400000| Complete 
| 119|0x0000000712600000, 0x0000000712800000, 0x0000000712800000|100%| E|CS|TAMS 0x0000000712600000| PB 0x0000000712600000| Complete 
| 120|0x0000000712800000, 0x0000000712a00000, 0x0000000712a00000|100%| E|CS|TAMS 0x0000000712800000| PB 0x0000000712800000| Complete 
| 121|0x0000000712a00000, 0x0000000712c00000, 0x0000000712c00000|100%| E|CS|TAMS 0x0000000712a00000| PB 0x0000000712a00000| Complete 
| 122|0x0000000712c00000, 0x0000000712e00000, 0x0000000712e00000|100%| E|CS|TAMS 0x0000000712c00000| PB 0x0000000712c00000| Complete 
| 123|0x0000000712e00000, 0x0000000713000000, 0x0000000713000000|100%| E|CS|TAMS 0x0000000712e00000| PB 0x0000000712e00000| Complete 
| 124|0x0000000713000000, 0x0000000713200000, 0x0000000713200000|100%| E|CS|TAMS 0x0000000713000000| PB 0x0000000713000000| Complete 
| 125|0x0000000713200000, 0x0000000713400000, 0x0000000713400000|100%| E|CS|TAMS 0x0000000713200000| PB 0x0000000713200000| Complete 
| 126|0x0000000713400000, 0x0000000713600000, 0x0000000713600000|100%| E|CS|TAMS 0x0000000713400000| PB 0x0000000713400000| Complete 

Card table byte_map: [0x000001d8dd4b0000,0x000001d8ddca0000] _byte_map_base: 0x000001d8d9c94000

Marking Bits: (CMBitMap*) 0x000001d8c47f5340
 Bits: [0x000001d8ddca0000, 0x000001d8e1bc0000)

Polling page: 0x000001d8c4250000

Metaspace:

Usage:
  Non-class:     14.41 MB used.
      Class:      1.71 MB used.
       Both:     16.12 MB used.

Virtual space:
  Non-class space:       64.00 MB reserved,      14.56 MB ( 23%) committed,  1 nodes.
      Class space:        1.00 GB reserved,       1.88 MB ( <1%) committed,  1 nodes.
             Both:        1.06 GB reserved,      16.44 MB (  2%) committed. 

Chunk freelists:
   Non-Class:  1008.00 KB
       Class:  14.12 MB
        Both:  15.11 MB

MaxMetaspaceSize: unlimited
CompressedClassSpaceSize: 1.00 GB
Initial GC threshold: 21.00 MB
Current GC threshold: 21.00 MB
CDS: on
 - commit_granule_bytes: 65536.
 - commit_granule_words: 8192.
 - virtual_space_node_default_size: 8388608.
 - enlarge_chunks_in_place: 1.
 - use_allocation_guard: 0.


Internal statistics:

num_allocs_failed_limit: 0.
num_arena_births: 208.
num_arena_deaths: 0.
num_vsnodes_births: 2.
num_vsnodes_deaths: 0.
num_space_committed: 263.
num_space_uncommitted: 0.
num_chunks_returned_to_freelist: 0.
num_chunks_taken_from_freelist: 311.
num_chunk_merges: 0.
num_chunk_splits: 178.
num_chunks_enlarged: 85.
num_inconsistent_stats: 0.

CodeHeap 'non-profiled nmethods': size=120000Kb used=2405Kb max_used=2405Kb free=117594Kb
 bounds [0x000001d8d4af0000, 0x000001d8d4d60000, 0x000001d8dc020000]
CodeHeap 'profiled nmethods': size=120000Kb used=8264Kb max_used=8264Kb free=111735Kb
 bounds [0x000001d8cd020000, 0x000001d8cd840000, 0x000001d8d4550000]
CodeHeap 'non-nmethods': size=5760Kb used=1693Kb max_used=1748Kb free=4066Kb
 bounds [0x000001d8d4550000, 0x000001d8d47c0000, 0x000001d8d4af0000]
 total_blobs=4824 nmethods=4094 adapters=634
 compilation: enabled
              stopped_count=0, restarted_count=0
 full_count=0

Compilation events (20 events):
Event: 162.453 Thread 0x000001d8e4893980 4086       4       java.awt.Container::findComponentAtImpl (161 bytes)
Event: 162.463 Thread 0x000001d8e4893980 nmethod 4086 0x000001d8d4d46a90 code [0x000001d8d4d46cc0, 0x000001d8d4d47d98]
Event: 162.463 Thread 0x000001d8e4893980 4087       4       java.awt.EventQueue::getAccessControlContextFrom (53 bytes)
Event: 162.464 Thread 0x000001d8e4893980 nmethod 4087 0x000001d8d4d48b90 code [0x000001d8d4d48d20, 0x000001d8d4d48e08]
Event: 162.882 Thread 0x000001d8e48b9850 4088       1       java.awt.Window::getFocusableWindowState (5 bytes)
Event: 162.882 Thread 0x000001d8e48b9850 nmethod 4088 0x000001d8d4d48f10 code [0x000001d8d4d490a0, 0x000001d8d4d49170]
Event: 162.882 Thread 0x000001d8e48b9850 4089       1       java.awt.Container::isFocusTraversalPolicyProvider (5 bytes)
Event: 162.882 Thread 0x000001d8e48b9850 nmethod 4089 0x000001d8d4d49210 code [0x000001d8d4d493a0, 0x000001d8d4d49470]
Event: 162.882 Thread 0x000001d8e48b9850 4092       3       java.util.ArrayList$ListItr::hasPrevious (13 bytes)
Event: 162.882 Thread 0x000001d8e48b9850 nmethod 4092 0x000001d8cd82f710 code [0x000001d8cd82f8a0, 0x000001d8cd82fa00]
Event: 162.882 Thread 0x000001d8e48b9850 4093       3       java.util.ArrayList$ListItr::previous (59 bytes)
Event: 162.883 Thread 0x000001d8e48b9850 nmethod 4093 0x000001d8cd82fa90 code [0x000001d8cd82fc80, 0x000001d8cd830038]
Event: 162.883 Thread 0x000001d8e48b9850 4090       3       java.awt.Container::getComponents (5 bytes)
Event: 162.883 Thread 0x000001d8e48b9850 nmethod 4090 0x000001d8cd830210 code [0x000001d8cd8303e0, 0x000001d8cd830718]
Event: 162.883 Thread 0x000001d8e48b9850 4091       3       java.awt.Container::getComponents_NoClientCode (16 bytes)
Event: 162.883 Thread 0x000001d8e48b9850 nmethod 4091 0x000001d8cd830810 code [0x000001d8cd8309c0, 0x000001d8cd830ca0]
Event: 163.012 Thread 0x000001d8e48b9850 4094       3       jdk.internal.org.objectweb.asm.MethodWriter::visitFieldInsn (258 bytes)
Event: 163.013 Thread 0x000001d8e48b9850 nmethod 4094 0x000001d8cd830d90 code [0x000001d8cd831000, 0x000001d8cd831b58]
Event: 163.013 Thread 0x000001d8e48b9850 4095       3       jdk.internal.org.objectweb.asm.SymbolTable::addConstantFieldref (10 bytes)
Event: 163.013 Thread 0x000001d8e48b9850 nmethod 4095 0x000001d8cd831f90 code [0x000001d8cd832140, 0x000001d8cd832298]

GC Heap History (4 events):
Event: 2.235 GC heap before
{Heap before GC invocations=0 (full 0):
 garbage-first heap   total 260096K, used 20480K [0x0000000703800000, 0x0000000800000000)
  region size 2048K, 11 young (22528K), 0 survivors (0K)
 Metaspace       used 8235K, committed 8512K, reserved 1114112K
  class space    used 863K, committed 1024K, reserved 1048576K
}
Event: 2.240 GC heap after
{Heap after GC invocations=1 (full 0):
 garbage-first heap   total 260096K, used 3541K [0x0000000703800000, 0x0000000800000000)
  region size 2048K, 2 young (4096K), 2 survivors (4096K)
 Metaspace       used 8235K, committed 8512K, reserved 1114112K
  class space    used 863K, committed 1024K, reserved 1048576K
}
Event: 7.277 GC heap before
{Heap before GC invocations=1 (full 0):
 garbage-first heap   total 260096K, used 32213K [0x0000000703800000, 0x0000000800000000)
  region size 2048K, 17 young (34816K), 2 survivors (4096K)
 Metaspace       used 12902K, committed 13184K, reserved 1114112K
  class space    used 1347K, committed 1472K, reserved 1048576K
}
Event: 7.280 GC heap after
{Heap after GC invocations=2 (full 0):
 garbage-first heap   total 260096K, used 5235K [0x0000000703800000, 0x0000000800000000)
  region size 2048K, 1 young (2048K), 1 survivors (2048K)
 Metaspace       used 12902K, committed 13184K, reserved 1114112K
  class space    used 1347K, committed 1472K, reserved 1048576K
}

Dll operation events (12 events):
Event: 0.005 Loaded shared library D:\java\jdk\jdk21.0.7_6\bin\java.dll
Event: 0.041 Loaded shared library D:\java\jdk\jdk21.0.7_6\bin\net.dll
Event: 0.042 Loaded shared library D:\java\jdk\jdk21.0.7_6\bin\nio.dll
Event: 0.044 Loaded shared library D:\java\jdk\jdk21.0.7_6\bin\zip.dll
Event: 0.053 Loaded shared library D:\java\jdk\jdk21.0.7_6\bin\jsvml.dll
Event: 0.061 Loaded shared library D:\java\jdk\jdk21.0.7_6\bin\jimage.dll
Event: 0.080 Loaded shared library D:\java\jdk\jdk21.0.7_6\bin\verify.dll
Event: 0.209 Loaded shared library D:\java\jdk\jdk21.0.7_6\bin\awt.dll
Event: 0.463 Loaded shared library D:\java\jdk\jdk21.0.7_6\bin\freetype.dll
Event: 0.484 Loaded shared library D:\java\jdk\jdk21.0.7_6\bin\fontmanager.dll
Event: 2.456 Loading shared library C:\Users\ukjin\AppData\Local\Temp\lombok-1.18.38-WindowsDriveInfo-i386.dll failed, error code 193
Event: 2.481 Loaded shared library C:\Users\ukjin\AppData\Local\Temp\lombok-1.18.38-WindowsDriveInfo-x86_64.dll

Deoptimization events (20 events):
Event: 101.977 Thread 0x000001d8e917e620 Uncommon trap: trap_request=0xffffff45 fr.pc=0x000001d8d4caf480 relative=0x0000000000000620
Event: 101.977 Thread 0x000001d8e917e620 Uncommon trap: reason=unstable_if action=reinterpret pc=0x000001d8d4caf480 method=sun.java2d.d3d.D3DSurfaceData.validatePipe(Lsun/java2d/SunGraphics2D;)V @ 118 c2
Event: 101.977 Thread 0x000001d8e917e620 DEOPT PACKING pc=0x000001d8d4caf480 sp=0x00000090020fc780
Event: 101.977 Thread 0x000001d8e917e620 DEOPT UNPACKING pc=0x000001d8d45a46a2 sp=0x00000090020fc710 mode 2
Event: 101.977 Thread 0x000001d8e917e620 Uncommon trap: trap_request=0xffffff45 fr.pc=0x000001d8d4cc49dc relative=0x000000000000059c
Event: 101.977 Thread 0x000001d8e917e620 Uncommon trap: reason=unstable_if action=reinterpret pc=0x000001d8d4cc49dc method=sun.java2d.loops.RenderCache.get(Lsun/java2d/loops/SurfaceType;Lsun/java2d/loops/CompositeType;Lsun/java2d/loops/SurfaceType;)Ljava/lang/Object; @ 29 c2
Event: 101.977 Thread 0x000001d8e917e620 DEOPT PACKING pc=0x000001d8d4cc49dc sp=0x00000090020fc4e0
Event: 101.977 Thread 0x000001d8e917e620 DEOPT UNPACKING pc=0x000001d8d45a46a2 sp=0x00000090020fc498 mode 2
Event: 101.990 Thread 0x000001d8e917e620 Uncommon trap: trap_request=0xffffff45 fr.pc=0x000001d8d4cb7d40 relative=0x0000000000000300
Event: 101.990 Thread 0x000001d8e917e620 Uncommon trap: reason=unstable_if action=reinterpret pc=0x000001d8d4cb7d40 method=sun.java2d.SunGraphics2D.clone()Ljava/lang/Object; @ 48 c2
Event: 101.990 Thread 0x000001d8e917e620 DEOPT PACKING pc=0x000001d8d4cb7d40 sp=0x00000090020fc790
Event: 101.990 Thread 0x000001d8e917e620 DEOPT UNPACKING pc=0x000001d8d45a46a2 sp=0x00000090020fc750 mode 2
Event: 123.575 Thread 0x000001d8e917e620 Uncommon trap: trap_request=0xffffff45 fr.pc=0x000001d8d4c39c1c relative=0x0000000000000dbc
Event: 123.575 Thread 0x000001d8e917e620 Uncommon trap: reason=unstable_if action=reinterpret pc=0x000001d8d4c39c1c method=java.awt.Container.findComponentAtImpl(IIZ)Ljava/awt/Component; @ 131 c2
Event: 123.575 Thread 0x000001d8e917e620 DEOPT PACKING pc=0x000001d8d4c39c1c sp=0x00000090020fed10
Event: 123.575 Thread 0x000001d8e917e620 DEOPT UNPACKING pc=0x000001d8d45a46a2 sp=0x00000090020feba0 mode 2
Event: 163.012 Thread 0x000001d8fb2f4e50 Uncommon trap: trap_request=0xffffff45 fr.pc=0x000001d8d4cfd46c relative=0x000000000000058c
Event: 163.012 Thread 0x000001d8fb2f4e50 Uncommon trap: reason=unstable_if action=reinterpret pc=0x000001d8d4cfd46c method=java.util.concurrent.locks.AbstractQueuedSynchronizer$ConditionNode.isReleasable()Z @ 14 c2
Event: 163.012 Thread 0x000001d8fb2f4e50 DEOPT PACKING pc=0x000001d8d4cfd46c sp=0x00000090049ff2e0
Event: 163.012 Thread 0x000001d8fb2f4e50 DEOPT UNPACKING pc=0x000001d8d45a46a2 sp=0x00000090049ff108 mode 2

Classes loaded (20 events):
Event: 101.988 Loading class sun/java2d/marlin/MergeSort
Event: 101.988 Loading class sun/java2d/marlin/MergeSort done
Event: 101.988 Loading class sun/java2d/marlin/MarlinUtils
Event: 101.988 Loading class sun/java2d/marlin/MarlinUtils done
Event: 101.988 Loading class sun/java2d/marlin/DPQSSorterContext
Event: 101.988 Loading class sun/java2d/marlin/DPQSSorterContext done
Event: 101.988 Loading class sun/java2d/marlin/DMarlinRenderingEngine$NormMode
Event: 101.988 Loading class sun/java2d/marlin/DMarlinRenderingEngine$NormMode done
Event: 101.988 Loading class sun/java2d/marlin/DMarlinRenderingEngine$NormMode$1
Event: 101.988 Loading class sun/java2d/marlin/DMarlinRenderingEngine$NormMode$1 done
Event: 101.989 Loading class sun/java2d/marlin/DMarlinRenderingEngine$NormMode$2
Event: 101.989 Loading class sun/java2d/marlin/DMarlinRenderingEngine$NormMode$2 done
Event: 101.989 Loading class sun/java2d/marlin/DMarlinRenderingEngine$NormMode$3
Event: 101.989 Loading class sun/java2d/marlin/DMarlinRenderingEngine$NormMode$3 done
Event: 101.989 Loading class java/awt/geom/EllipseIterator
Event: 101.989 Loading class java/awt/geom/EllipseIterator done
Event: 101.989 Loading class sun/java2d/marlin/Helpers
Event: 101.989 Loading class sun/java2d/marlin/Helpers done
Event: 101.989 Loading class sun/java2d/marlin/ArrayCacheConst
Event: 101.989 Loading class sun/java2d/marlin/ArrayCacheConst done

Classes unloaded (0 events):
No events

Classes redefined (0 events):
No events

Internal exceptions (20 events):
Event: 0.502 Thread 0x000001d8e917e620 Exception <a 'java/io/FileNotFoundException'{0x0000000712baac88}> (0x0000000712baac88) 
thrown [s\src\hotspot\share\prims\jni.cpp, line 520]
Event: 0.665 Thread 0x000001d8e917e620 Exception <a 'java/io/FileNotFoundException'{0x0000000712853580}> (0x0000000712853580) 
thrown [s\src\hotspot\share\prims\jni.cpp, line 520]
Event: 0.759 Thread 0x000001d8e917e620 Exception <a 'java/io/FileNotFoundException'{0x00000007128a3388}> (0x00000007128a3388) 
thrown [s\src\hotspot\share\prims\jni.cpp, line 520]
Event: 2.088 Thread 0x000001d8e917e620 Exception <a 'java/lang/NoSuchMethodError'{0x0000000712332f48}: 'int java.lang.invoke.Invokers$Holder.invokeExact_MT(java.lang.Object, java.lang.Object)'> (0x0000000712332f48) 
thrown [s\src\hotspot\share\interpreter\linkResolver.cpp, line 773]
Event: 2.283 Thread 0x000001d8e9ab1c90 Exception <a 'java/lang/NoSuchMethodError'{0x000000071334a308}: 'java.lang.Object java.lang.invoke.DirectMethodHandle$Holder.newInvokeSpecial(java.lang.Object, java.lang.Object, java.lang.Object, int, int, int, int, int)'> (0x000000071334a308) 
thrown [s\src\hotspot\share\interpreter\linkResolver.cpp, line 773]
Event: 2.303 Thread 0x000001d8e9ab1c90 Exception <a 'java/lang/InterruptedException'{0x0000000713357218}: sleep interrupted> (0x0000000713357218) 
thrown [s\src\hotspot\share\prims\jvm.cpp, line 3052]
Event: 2.398 Thread 0x000001d8fb2f75b0 Exception <a 'java/lang/NoSuchMethodError'{0x0000000712edfcb8}: 'java.lang.Object java.lang.invoke.DirectMethodHandle$Holder.invokeStaticInit(java.lang.Object, int, int, int, int)'> (0x0000000712edfcb8) 
thrown [s\src\hotspot\share\interpreter\linkResolver.cpp, line 773]
Event: 2.409 Thread 0x000001d8fb2f75b0 Implicit null exception at 0x000001d8d4b4d8a5 to 0x000001d8d4b4d95c
Event: 2.421 Thread 0x000001d8fb2f75b0 Exception <a 'java/lang/NoSuchMethodError'{0x0000000712cb5d08}: 'java.lang.Object java.lang.invoke.DirectMethodHandle$Holder.invokeStaticInit(java.lang.Object, java.lang.Object, int, int, int, int)'> (0x0000000712cb5d08) 
thrown [s\src\hotspot\share\interpreter\linkResolver.cpp, line 773]
Event: 2.456 Thread 0x000001d8fb2f75b0 Exception <a 'java/lang/UnsatisfiedLinkError'{0x0000000712cca3e8}> (0x0000000712cca3e8) 
thrown [s\src\hotspot\share\prims\jvm.cpp, line 3424]
Event: 2.456 Thread 0x000001d8fb2f75b0 Exception <a 'java/lang/UnsatisfiedLinkError'{0x0000000712cca3e8}> (0x0000000712cca3e8) 
thrown [s\src\hotspot\share\prims\jni.cpp, line 520]
Event: 2.553 Thread 0x000001d8e915ec20 Exception <a 'java/lang/NoSuchMethodError'{0x0000000712949270}: 'void java.lang.invoke.DirectMethodHandle$Holder.invokeVirtual(java.lang.Object, java.lang.Object)'> (0x0000000712949270) 
thrown [s\src\hotspot\share\interpreter\linkResolver.cpp, line 773]
Event: 7.290 Thread 0x000001d8e917e620 Implicit null exception at 0x000001d8d4bfd464 to 0x000001d8d4bff408
Event: 8.280 Thread 0x000001d8fb2f75b0 Implicit null exception at 0x000001d8d4c150b9 to 0x000001d8d4c156c0
Event: 10.241 Thread 0x000001d8e917e620 Exception <a 'java/lang/NoSuchMethodError'{0x00000007116f2078}: 'int java.lang.invoke.DirectMethodHandle$Holder.invokeStatic(java.lang.Object)'> (0x00000007116f2078) 
thrown [s\src\hotspot\share\interpreter\linkResolver.cpp, line 773]
Event: 10.252 Thread 0x000001d8e9ab1c90 Exception <a 'java/lang/InterruptedException'{0x0000000713535ed0}: sleep interrupted> (0x0000000713535ed0) 
thrown [s\src\hotspot\share\prims\jvm.cpp, line 3052]
Event: 15.303 Thread 0x000001d8e917e620 Exception <a 'java/lang/NoSuchMethodError'{0x00000007111f7928}: 'void java.lang.invoke.DirectMethodHandle$Holder.invokeStatic(java.lang.Object, java.lang.Object, java.lang.Object)'> (0x00000007111f7928) 
thrown [s\src\hotspot\share\interpreter\linkResolver.cpp, line 773]
Event: 15.818 Thread 0x000001d8e917e620 Exception <a 'java/lang/NoSuchMethodError'{0x0000000710a12fb8}: 'java.lang.Object java.lang.invoke.DirectMethodHandle$Holder.newInvokeSpecial(java.lang.Object, int, java.lang.Object)'> (0x0000000710a12fb8) 
thrown [s\src\hotspot\share\interpreter\linkResolver.cpp, line 773]
Event: 101.935 Thread 0x000001d8fb93fec0 Exception <a 'java/lang/InterruptedException'{0x000000070f7a3c20}: sleep interrupted> (0x000000070f7a3c20) 
thrown [s\src\hotspot\share\prims\jvm.cpp, line 3052]
Event: 101.977 Thread 0x000001d8e917e620 Implicit null exception at 0x000001d8d4cc452b to 0x000001d8d4cc49c8

ZGC Phase Switch (0 events):
No events

VM Operations (20 events):
Event: 102.990 Executing VM operation: Cleanup done
Event: 105.013 Executing VM operation: Cleanup
Event: 105.013 Executing VM operation: Cleanup done
Event: 106.029 Executing VM operation: Cleanup
Event: 106.029 Executing VM operation: Cleanup done
Event: 118.183 Executing VM operation: Cleanup
Event: 118.183 Executing VM operation: Cleanup done
Event: 120.222 Executing VM operation: HandshakeAllThreads (HandshakeForDeflation)
Event: 120.222 Executing VM operation: HandshakeAllThreads (HandshakeForDeflation) done
Event: 120.222 Executing VM operation: RendezvousGCThreads
Event: 120.222 Executing VM operation: RendezvousGCThreads done
Event: 124.247 Executing VM operation: Cleanup
Event: 124.247 Executing VM operation: Cleanup done
Event: 131.324 Executing VM operation: Cleanup
Event: 131.324 Executing VM operation: Cleanup done
Event: 150.498 Executing VM operation: Cleanup
Event: 150.498 Executing VM operation: Cleanup done
Event: 162.592 Executing VM operation: Cleanup
Event: 162.592 Executing VM operation: Cleanup done
Event: 163.120 Executing VM operation: Exit

Memory protections (0 events):
No events

Nmethod flushes (0 events):
No events

Events (20 events):
Event: 92.625 Thread 0x000001d8fb93fec0 Thread exited: 0x000001d8fb93fec0
Event: 101.934 Thread 0x000001d8e917e620 Thread added: 0x000001d8fb93fec0
Event: 101.940 Thread 0x000001d8e48b9850 Thread added: 0x000001d8e9bf3f60
Event: 101.944 Thread 0x000001d8e48b9850 Thread added: 0x000001d8fbe0b520
Event: 101.951 Thread 0x000001d8e917e620 Thread added: 0x000001d8fb93eb10
Event: 101.973 Thread 0x000001d8fb93eb10 Thread exited: 0x000001d8fb93eb10
Event: 105.129 Thread 0x000001d8fbe0b520 Thread exited: 0x000001d8fbe0b520
Event: 105.784 Thread 0x000001d8e9bf3f60 Thread exited: 0x000001d8e9bf3f60
Event: 106.950 Thread 0x000001d8fb93fec0 Thread exited: 0x000001d8fb93fec0
Event: 163.012 Thread 0x000001d8e917e620 Thread added: 0x000001d8fb93ca40
Event: 163.012 Thread 0x000001d8e917e620 Thread added: 0x000001d8fb93eb10
Event: 163.012 Thread 0x000001d8e917e620 Thread added: 0x000001d8fb93f1a0
Event: 163.012 Thread 0x000001d8fb93ca40 Thread exited: 0x000001d8fb93ca40
Event: 163.012 Thread 0x000001d8fb2f4130 Thread exited: 0x000001d8fb2f4130
Event: 163.012 Thread 0x000001d8fb93f1a0 Thread exited: 0x000001d8fb93f1a0
Event: 163.015 Thread 0x000001d8fb2f4e50 Thread exited: 0x000001d8fb2f4e50
Event: 163.060 Thread 0x000001d8e915ec20 Thread exited: 0x000001d8e915ec20
Event: 163.119 Thread 0x000001d8fb93eb10 Thread exited: 0x000001d8fb93eb10
Event: 163.120 Thread 0x000001d8e917e620 Before exit entered
Event: 163.120 Thread 0x000001d8e488df40 Thread exited: 0x000001d8e488df40


Dynamic libraries:
0x00007ff6f7d10000 - 0x00007ff6f7d1e000 	D:\java\jdk\jdk21.0.7_6\bin\java.exe
0x00007ffe644e0000 - 0x00007ffe64740000 	C:\WINDOWS\SYSTEM32\ntdll.dll
0x00007ffe63100000 - 0x00007ffe631c7000 	C:\WINDOWS\System32\KERNEL32.DLL
0x00007ffe61980000 - 0x00007ffe61d4a000 	C:\WINDOWS\System32\KERNELBASE.dll
0x00007ffe61830000 - 0x00007ffe6197b000 	C:\WINDOWS\System32\ucrtbase.dll
0x00007ffe52cd0000 - 0x00007ffe52ce8000 	D:\java\jdk\jdk21.0.7_6\bin\jli.dll
0x00007ffe62ea0000 - 0x00007ffe6306c000 	C:\WINDOWS\System32\USER32.dll
0x00007ffe620d0000 - 0x00007ffe620f7000 	C:\WINDOWS\System32\win32u.dll
0x00007ffe64180000 - 0x00007ffe641aa000 	C:\WINDOWS\System32\GDI32.dll
0x00007ffe621a0000 - 0x00007ffe622d1000 	C:\WINDOWS\System32\gdi32full.dll
0x00007ffe62020000 - 0x00007ffe620c3000 	C:\WINDOWS\System32\msvcp_win.dll
0x00007ffe4a360000 - 0x00007ffe4a37b000 	D:\java\jdk\jdk21.0.7_6\bin\VCRUNTIME140.dll
0x00007ffe4e4a0000 - 0x00007ffe4e737000 	C:\WINDOWS\WinSxS\amd64_microsoft.windows.common-controls_6595b64144ccf1df_6.0.26100.3624_none_3e086962e3345f24\COMCTL32.dll
0x00007ffe64360000 - 0x00007ffe64409000 	C:\WINDOWS\System32\msvcrt.dll
0x00007ffe640c0000 - 0x00007ffe640ef000 	C:\WINDOWS\System32\IMM32.DLL
0x00007ffe2fe00000 - 0x00007ffe300fa000 	C:\Windows\pcdrm\NSCCOR0364.DLL
0x00007ffe64210000 - 0x00007ffe642c2000 	C:\WINDOWS\System32\ADVAPI32.dll
0x00007ffe63e20000 - 0x00007ffe63ec6000 	C:\WINDOWS\System32\sechost.dll
0x00007ffe62d80000 - 0x00007ffe62e96000 	C:\WINDOWS\System32\RPCRT4.dll
0x00007ffe622e0000 - 0x00007ffe62476000 	C:\WINDOWS\System32\ole32.dll
0x00007ffe629f0000 - 0x00007ffe62d72000 	C:\WINDOWS\System32\combase.dll
0x00007ffe61f90000 - 0x00007ffe6200f000 	C:\WINDOWS\System32\WINTRUST.dll
0x00007ffe61d50000 - 0x00007ffe61ec7000 	C:\WINDOWS\System32\CRYPT32.dll
0x00007ffe60da0000 - 0x00007ffe60db3000 	C:\WINDOWS\SYSTEM32\MSASN1.dll
0x00007ffe64200000 - 0x00007ffe64208000 	C:\WINDOWS\System32\psapi.dll
0x00007ffe605b0000 - 0x00007ffe605e5000 	C:\WINDOWS\SYSTEM32\ntmarta.dll
0x00007ffe2fdc0000 - 0x00007ffe2fdfa000 	C:\WINDOWS\pcdrm\NBID64.dll
0x00007ffe62480000 - 0x00007ffe62556000 	C:\WINDOWS\System32\OLEAUT32.dll
0x00007ffe2fd80000 - 0x00007ffe2fdbf000 	C:\WINDOWS\pcdrm\NFD0164.dll
0x00007ffe5a6a0000 - 0x00007ffe5a6ab000 	C:\WINDOWS\SYSTEM32\VERSION.dll
0x00007ffe51dd0000 - 0x00007ffe51ddc000 	D:\java\jdk\jdk21.0.7_6\bin\vcruntime140_1.dll
0x00007ffe33ff0000 - 0x00007ffe3407d000 	D:\java\jdk\jdk21.0.7_6\bin\msvcp140.dll
0x00007ffe2e830000 - 0x00007ffe2f5cf000 	D:\java\jdk\jdk21.0.7_6\bin\server\jvm.dll
0x00007ffe64100000 - 0x00007ffe64174000 	C:\WINDOWS\System32\WS2_32.dll
0x00007ffe61350000 - 0x00007ffe613ae000 	C:\WINDOWS\SYSTEM32\POWRPROF.dll
0x00007ffe589d0000 - 0x00007ffe58a06000 	C:\WINDOWS\SYSTEM32\WINMM.dll
0x00007ffe61310000 - 0x00007ffe61324000 	C:\WINDOWS\SYSTEM32\UMPDC.dll
0x00007ffe60490000 - 0x00007ffe604aa000 	C:\WINDOWS\SYSTEM32\kernel.appcore.dll
0x00007ffe5c900000 - 0x00007ffe5c90a000 	D:\java\jdk\jdk21.0.7_6\bin\jimage.dll
0x00007ffe593b0000 - 0x00007ffe595f1000 	C:\WINDOWS\SYSTEM32\DBGHELP.DLL
0x00007ffe3ffe0000 - 0x00007ffe40019000 	C:\WINDOWS\SYSTEM32\dbgcore.DLL
0x00007ffe62100000 - 0x00007ffe62199000 	C:\WINDOWS\System32\bcryptPrimitives.dll
0x00007ffe5c840000 - 0x00007ffe5c85f000 	D:\java\jdk\jdk21.0.7_6\bin\java.dll
0x00007ffe636f0000 - 0x00007ffe63e19000 	C:\WINDOWS\System32\SHELL32.dll
0x00007ffe616c0000 - 0x00007ffe61828000 	C:\WINDOWS\System32\wintypes.dll
0x00007ffe5f340000 - 0x00007ffe5fb92000 	C:\WINDOWS\SYSTEM32\windows.storage.dll
0x000001d8e4c60000 - 0x000001d8e4d4d000 	C:\WINDOWS\System32\SHCORE.dll
0x000001d8e4d50000 - 0x000001d8e4db4000 	C:\WINDOWS\System32\shlwapi.dll
0x00007ffe615d0000 - 0x00007ffe615ff000 	C:\WINDOWS\SYSTEM32\profapi.dll
0x00007ffe5c830000 - 0x00007ffe5c840000 	D:\java\jdk\jdk21.0.7_6\bin\net.dll
0x00007ffe5a090000 - 0x00007ffe5a1ad000 	C:\WINDOWS\SYSTEM32\WINHTTP.dll
0x00007ffe60990000 - 0x00007ffe609fa000 	C:\WINDOWS\system32\mswsock.dll
0x00007ffe5c810000 - 0x00007ffe5c826000 	D:\java\jdk\jdk21.0.7_6\bin\nio.dll
0x00007ffe5c7f0000 - 0x00007ffe5c808000 	D:\java\jdk\jdk21.0.7_6\bin\zip.dll
0x00007ffe59020000 - 0x00007ffe590f7000 	D:\java\jdk\jdk21.0.7_6\bin\jsvml.dll
0x00007ffe5c7e0000 - 0x00007ffe5c7f0000 	D:\java\jdk\jdk21.0.7_6\bin\verify.dll
0x00007ffe2f7d0000 - 0x00007ffe2f95e000 	D:\java\jdk\jdk21.0.7_6\bin\awt.dll
0x00007ffe5e7e0000 - 0x00007ffe5e87c000 	C:\WINDOWS\SYSTEM32\apphelp.dll
0x00007ffe5e990000 - 0x00007ffe5ea3e000 	C:\WINDOWS\system32\uxtheme.dll
0x00007ffe62800000 - 0x00007ffe6295d000 	C:\WINDOWS\System32\MSCTF.dll
0x00007ffe21ed0000 - 0x00007ffe21f6c000 	C:\WINDOWS\system32\IMGSF50Filter_x64.dll
0x00007ffe21d40000 - 0x00007ffe21e4c000 	C:\WINDOWS\SYSTEM32\Opengl32.dll
0x00007ffe21d10000 - 0x00007ffe21d3d000 	C:\WINDOWS\SYSTEM32\GLU32.dll
0x00007ffe5ea90000 - 0x00007ffe5ead7000 	C:\WINDOWS\SYSTEM32\dxcore.dll
0x00007ffe5ecb0000 - 0x00007ffe5ece6000 	C:\WINDOWS\system32\DWMAPI.DLL
0x00007ffe51370000 - 0x00007ffe513f7000 	D:\java\jdk\jdk21.0.7_6\bin\freetype.dll
0x00007ffe3bcf0000 - 0x00007ffe3bdca000 	D:\java\jdk\jdk21.0.7_6\bin\fontmanager.dll
0x00007ffe5eb50000 - 0x00007ffe5ec7e000 	C:\WINDOWS\SYSTEM32\dxgi.dll
0x00007ffe5eae0000 - 0x00007ffe5eb3e000 	C:\WINDOWS\SYSTEM32\directxdatabasehelper.dll
0x00007ffe61260000 - 0x00007ffe612bf000 	C:\WINDOWS\SYSTEM32\cfgmgr32.dll
0x00007ffe615a0000 - 0x00007ffe615c6000 	C:\WINDOWS\SYSTEM32\BCrypt.dll
0x00007ffe60d40000 - 0x00007ffe60d5c000 	C:\WINDOWS\SYSTEM32\CRYPTSP.dll
0x00007ffe603f0000 - 0x00007ffe6042a000 	C:\WINDOWS\system32\rsaenh.dll
0x00007ffe60a30000 - 0x00007ffe60a5b000 	C:\WINDOWS\SYSTEM32\USERENV.dll
0x00007ffe60bc0000 - 0x00007ffe60bcc000 	C:\WINDOWS\SYSTEM32\CRYPTBASE.dll
0x00007ffe5fea0000 - 0x00007ffe5fed3000 	C:\WINDOWS\SYSTEM32\IPHLPAPI.DLL
0x00007ffe640b0000 - 0x00007ffe640ba000 	C:\WINDOWS\System32\NSI.dll
0x0000000060d40000 - 0x0000000060d59000 	C:\Users\ukjin\AppData\Local\Temp\lombok-1.18.38-WindowsDriveInfo-x86_64.dll
0x00007ffe62650000 - 0x00007ffe626f8000 	C:\WINDOWS\System32\clbcatq.dll
0x00007ffe5cf80000 - 0x00007ffe5d1ae000 	C:\WINDOWS\SYSTEM32\WindowsCodecs.dll
0x00007ffe4ae10000 - 0x00007ffe4af59000 	C:\WINDOWS\SYSTEM32\textinputframework.dll
0x00007ffe5e360000 - 0x00007ffe5e486000 	C:\WINDOWS\SYSTEM32\CoreMessaging.dll
0x00007ffe5a1b0000 - 0x00007ffe5a493000 	C:\WINDOWS\SYSTEM32\CoreUIComponents.dll
0x00007ffe3e950000 - 0x00007ffe3ea04000 	C:\WINDOWS\WinSxS\amd64_microsoft.windows.common-controls_6595b64144ccf1df_5.82.26100.1882_none_87f34cef7a28f535\comctl32.dll
0x00007ffe5bfa0000 - 0x00007ffe5c09c000 	C:\WINDOWS\system32\propsys.dll
0x00007ffe357f0000 - 0x00007ffe358ae000 	C:\Windows\System32\Windows.FileExplorer.Common.dll
0x00007ffe356b0000 - 0x00007ffe357e1000 	C:\WINDOWS\system32\Windows.Storage.Search.dll
0x00007ffe51fd0000 - 0x00007ffe51fea000 	C:\WINDOWS\SYSTEM32\windows.staterepositorycore.dll
0x00007ffe3ff10000 - 0x00007ffe3ffd2000 	C:\WINDOWS\System32\StructuredQuery.dll
0x00007ffe4dc60000 - 0x00007ffe4defe000 	C:\WINDOWS\System32\icu.dll
0x00007ffe5ca00000 - 0x00007ffe5cac2000 	C:\WINDOWS\SYSTEM32\policymanager.dll
0x00007ffe5c960000 - 0x00007ffe5c9f1000 	C:\WINDOWS\SYSTEM32\msvcp110_win.dll
0x00007ffe4ba00000 - 0x00007ffe4bccb000 	C:\Windows\System32\iertutil.dll
0x00007ffe4b810000 - 0x00007ffe4b839000 	C:\Windows\System32\srvcli.dll
0x00007ffe5fe90000 - 0x00007ffe5fe9d000 	C:\Windows\System32\netutils.dll
0x00007ffe60730000 - 0x00007ffe60778000 	C:\Windows\System32\SspiCli.dll
0x00007ffe54860000 - 0x00007ffe54881000 	C:\WINDOWS\SYSTEM32\MPR.dll
0x00007ffdf1740000 - 0x00007ffdf178a000 	C:\WINDOWS\system32\cbfsShellHelper24.dll
0x00007ffe45470000 - 0x00007ffe4548a000 	C:\WINDOWS\system32\NETAPI32.dll
0x00007ffe1ef10000 - 0x00007ffe1ef1d000 	C:\WINDOWS\System32\drprov.dll
0x00007ffe1eef0000 - 0x00007ffe1ef0d000 	C:\WINDOWS\System32\ntlanman.dll
0x00007ffe1eec0000 - 0x00007ffe1eee1000 	C:\WINDOWS\System32\davclnt.dll
0x00007ffe60e90000 - 0x00007ffe60ef7000 	C:\WINDOWS\System32\WINSTA.dll
0x00007ffe59000000 - 0x00007ffe5901b000 	C:\WINDOWS\System32\wkscli.dll
0x00007ffe3a440000 - 0x00007ffe3a453000 	C:\WINDOWS\SYSTEM32\cscapi.dll
0x00007ffe25170000 - 0x00007ffe25192000 	C:\Windows\System32\DevDispItemProvider.dll
0x00007ffe612d0000 - 0x00007ffe612fd000 	C:\WINDOWS\System32\DEVOBJ.dll
0x00007ffe4d440000 - 0x00007ffe4d616000 	C:\WINDOWS\WinSxS\amd64_microsoft.windows.gdiplus_6595b64144ccf1df_1.1.26100.3624_none_6ef35c483dc6d8f2\gdiplus.dll
0x00007ffe5e780000 - 0x00007ffe5e796000 	C:\Windows\System32\WTSAPI32.dll
0x00007ffe1eea0000 - 0x00007ffe1eeaf000 	C:\WINDOWS\SYSTEM32\LINKINFO.dll
0x00007ffe3cb50000 - 0x00007ffe3cb96000 	C:\WINDOWS\SYSTEM32\windows.staterepositoryclient.dll
0x00007ffe19f20000 - 0x00007ffe1a001000 	C:\WINDOWS\pcdrm\nsdicons0164.dll
0x0000000062400000 - 0x00000000624d2000 	C:\WINDOWS\SYSTEM32\MSVCR100.dll
0x0000000061980000 - 0x00000000619ab000 	C:\WINDOWS\SYSTEM32\ATL100.DLL
0x00007ffe19a40000 - 0x00007ffe19f19000 	C:\Program Files\NAVER Cloud\MYBOX\MYBOXOverlayIcon_x64_MT.dll
0x00007ffe51610000 - 0x00007ffe51618000 	C:\WINDOWS\SYSTEM32\MSIMG32.dll
0x00007ffe4e740000 - 0x00007ffe4e7fa000 	C:\WINDOWS\SYSTEM32\WINSPOOL.DRV
0x00007ffe4d620000 - 0x00007ffe4d68b000 	C:\WINDOWS\SYSTEM32\OLEACC.dll
0x00007ffe19800000 - 0x00007ffe199d7000 	C:\Users\ukjin\AppData\Local\Microsoft\OneDrive\25.070.0413.0001\FileSyncShell64.dll
0x00007ffe5e770000 - 0x00007ffe5e77d000 	C:\WINDOWS\SYSTEM32\Secur32.dll
0x00007ffe4efa0000 - 0x00007ffe4f223000 	C:\WINDOWS\SYSTEM32\WININET.dll
0x00007ffe5fe40000 - 0x00007ffe5fe5b000 	C:\WINDOWS\SYSTEM32\samcli.dll
0x00007ffe5fe60000 - 0x00007ffe5fe8b000 	C:\WINDOWS\SYSTEM32\SAMLIB.dll
0x00007ffe52bb0000 - 0x00007ffe52ccc000 	C:\Windows\System32\MrmCoreR.dll
0x00007ffe517a0000 - 0x00007ffe517d4000 	C:\Windows\System32\bcp47mrm.dll
0x00007ffe35570000 - 0x00007ffe3559e000 	C:\Windows\System32\cldapi.dll
0x00007ffdca480000 - 0x00007ffdca7ef000 	C:\Program Files\NAVER Cloud\MYBOX\MYBOXThumbnailProvider_x64_MT.dll

dbghelp: loaded successfully - version: 4.0.5 - missing functions: none
symbol engine: initialized successfully - sym options: 0x614 - pdb path: .;D:\java\jdk\jdk21.0.7_6\bin;C:\WINDOWS\SYSTEM32;C:\WINDOWS\WinSxS\amd64_microsoft.windows.common-controls_6595b64144ccf1df_6.0.26100.3624_none_3e086962e3345f24;C:\Windows\pcdrm;D:\java\jdk\jdk21.0.7_6\bin\server;C:\WINDOWS\System32\DriverStore\FileRepository\u0398307.inf_amd64_268e8f445deeaf92\B396804;C:\Users\ukjin\AppData\Local\Temp;C:\WINDOWS\WinSxS\amd64_microsoft.windows.common-controls_6595b64144ccf1df_5.82.26100.1882_none_87f34cef7a28f535;C:\WINDOWS\WinSxS\amd64_microsoft.windows.gdiplus_6595b64144ccf1df_1.1.26100.3624_none_6ef35c483dc6d8f2;C:\Program Files\NAVER Cloud\MYBOX;C:\Users\ukjin\AppData\Local\Microsoft\OneDrive\25.070.0413.0001

VM Arguments:
java_command: lombok-1.18.38.jar
java_class_path (initial): lombok-1.18.38.jar
Launcher Type: SUN_STANDARD

[Global flags]
     intx CICompilerCount                          = 4                                         {product} {ergonomic}
     uint ConcGCThreads                            = 3                                         {product} {ergonomic}
     uint G1ConcRefinementThreads                  = 10                                        {product} {ergonomic}
   size_t G1HeapRegionSize                         = 2097152                                   {product} {ergonomic}
    uintx GCDrainStackTargetSize                   = 64                                        {product} {ergonomic}
   size_t InitialHeapSize                          = 266338304                                 {product} {ergonomic}
   size_t MarkStackSize                            = 4194304                                   {product} {ergonomic}
   size_t MaxHeapSize                              = 4236247040                                {product} {ergonomic}
   size_t MaxNewSize                               = 2541748224                                {product} {ergonomic}
   size_t MinHeapDeltaBytes                        = 2097152                                   {product} {ergonomic}
   size_t MinHeapSize                              = 8388608                                   {product} {ergonomic}
    uintx NonNMethodCodeHeapSize                   = 5839372                                {pd product} {ergonomic}
    uintx NonProfiledCodeHeapSize                  = 122909434                              {pd product} {ergonomic}
    uintx ProfiledCodeHeapSize                     = 122909434                              {pd product} {ergonomic}
    uintx ReservedCodeCacheSize                    = 251658240                              {pd product} {ergonomic}
     bool SegmentedCodeCache                       = true                                      {product} {ergonomic}
   size_t SoftMaxHeapSize                          = 4236247040                             {manageable} {ergonomic}
     bool UseCompressedOops                        = true                           {product lp64_product} {ergonomic}
     bool UseG1GC                                  = true                                      {product} {ergonomic}
     bool UseLargePagesIndividualAllocation        = false                                  {pd product} {ergonomic}

Logging:
Log output configuration:
 #0: stdout all=off uptime,level,tags foldmultilines=false
 #1: stderr all=off uptime,level,tags foldmultilines=false

Environment Variables:
JAVA_HOME=D:\java\jdk\jdk21.0.7_6
PATH=C:\Users\ukjin\bin;D:\tool\Git\mingw64\bin;D:\tool\Git\usr\local\bin;D:\tool\Git\usr\bin;D:\tool\Git\usr\bin;D:\tool\Git\mingw64\bin;D:\tool\Git\usr\bin;C:\Users\ukjin\bin;D:\java\jdk\jdk21.0.7_6\bin\server;D:\java\jdk\jdk21.0.7_6\bin;D:\java\jdk\jdk21.0.7_6\bin;D:\tool\nodejs;D:\java\build-tool\gradle-7.4\bin;C:\Python313\Scripts;C:\Python313;D:\Y00_SERVER\oracle21c\dbhomeXE\bin;D:\Y00_SERVER\oracle21c\dbhomeXE;D:\java\svn\VisualSVN Server\bin;C:\WINDOWS\system32;C:\WINDOWS;C:\WINDOWS\System32\Wbem;C:\WINDOWS\System32\WindowsPowerShell\v1.0;C:\WINDOWS\System32\OpenSSH;D:\tool\mingw64\bin;C:\Program Files\Bandizip;C:\ProgramData\chocolatey\bin;C:\Program Files (x86)\Windows Kits\10\Windows Performance Toolkit;D:\tool\VSCode-win32-x64-1.75.1;D:\tool\Git\cmd;C:\Users\ukjin\AppData\Local\Microsoft\WindowsApps;C:\Users\ukjin\AppData\Roaming\npm;D:\tool\IntelliJ IDEA 2025.1\bin;D:\java\eclipse\sts-4.26.0.RELEASE;D:\tool\Git\usr\bin\vendor_perl;D:\tool\Git\usr\bin\core_perl
USERNAME=ukjin
SHELL=D:\tool\Git\usr\bin\bash.exe
DISPLAY=needs-to-be-defined
LANG=ko_KR.UTF-8
TERM=xterm
TMPDIR=C:\Users\ukjin\AppData\Local\Temp
OS=Windows_NT
PROCESSOR_IDENTIFIER=Intel64 Family 6 Model 151 Stepping 5, GenuineIntel
TMP=C:\Users\ukjin\AppData\Local\Temp
TEMP=C:\Users\ukjin\AppData\Local\Temp




Periodic native trim disabled

---------------  S Y S T E M  ---------------

OS:
 Windows 11 , 64 bit Build 26100 (10.0.26100.3775)
OS uptime: 0 days 1:16 hours
Hyper-V role detected

CPU: total 12 (initial active 12) (6 cores per cpu, 2 threads per core) family 6 model 151 stepping 5 microcode 0x1e, cx8, cmov, fxsr, ht, mmx, 3dnowpref, sse, sse2, sse3, ssse3, sse4.1, sse4.2, popcnt, lzcnt, tsc, tscinvbit, avx, avx2, aes, erms, clmul, bmi1, bmi2, adx, sha, fma, vzeroupper, clflush, clflushopt, clwb, hv, serialize, rdtscp, rdpid, fsrm, f16c, cet_ibt, cet_ss
Processor Information for the first 12 processors :
  Max Mhz: 3000, Current Mhz: 3000, Mhz Limit: 3000

Memory: 4k page, system-wide physical 16158M (5040M free)
TotalPageFile size 32030M (AvailPageFile size 9616M)
current process WorkingSet (physical memory assigned to process): 208M, peak: 283M
current process commit charge ("private bytes"): 438M, peak: 517M

vm_info: OpenJDK 64-Bit Server VM (21.0.7+6-LTS) for windows-amd64 JRE (21.0.7+6-LTS), built on 2025-04-14T16:08:54Z by "Administrator" with MS VC++ 16.10 / 16.11 (VS2019)

END.
